Copyright 1986-2019 Xilinx, Inc. All Rights Reserved.
--------------------------------------------------------------------------------------------------------------------------------------------------------------------------------
| Tool Version : Vivado v.2019.2 (win64) Build 2708876 Wed Nov  6 21:40:23 MST 2019
| Date         : Fri Jun 17 19:08:32 2022
| Host         : DESKTOP-5HRBIDE running 64-bit major release  (build 9200)
| Command      : report_methodology -file multiplier4bit_methodology_drc_routed.rpt -pb multiplier4bit_methodology_drc_routed.pb -rpx multiplier4bit_methodology_drc_routed.rpx
| Design       : multiplier4bit
| Device       : xc7a35tcpg236-1
| Speed File   : -1
| Design State : Fully Routed
--------------------------------------------------------------------------------------------------------------------------------------------------------------------------------

Report Methodology

Table of Contents
-----------------
1. REPORT SUMMARY
2. REPORT DETAILS

1. REPORT SUMMARY
-----------------
            Netlist: netlist
          Floorplan: design_1
      Design limits: <entire design considered>
             Max violations: <unlimited>
             Violations found: 2
+---------+----------+------------------+------------+
| Rule    | Severity | Description      | Violations |
+---------+----------+------------------+------------+
| SYNTH-9 | Warning  | Small multiplier | 2          |
+---------+----------+------------------+------------+

2. REPORT DETAILS
-----------------
SYNTH-9#1 Warning
Small multiplier  
Detected multiplier at M_OBUF[3]_inst_i_1 of size 4x4, it is implemented as LUTs due to its small size. To force the multiplier onto a DSP block, use the USE_DSP48 attribute.
Related violations: <none>

SYNTH-9#2 Warning
Small multiplier  
Detected multiplier at M_OBUF[7]_inst_i_1 of size 4x4, it is implemented as LUTs due to its small size. To force the multiplier onto a DSP block, use the USE_DSP48 attribute.
Related violations: <none>


